<?xml version="1.0" encoding="UTF-8"?>
<robot generator="Robot 3.1.2 (Python 3.8.2 on win32)" generated="20200320 14:12:55.453" rpa="false">
<suite id="s1" name="LoginTests" source="C:\Projetos\SoluçãoTabletTestes\WEB\Tests\LoginTests.robot">
<test id="s1-t1" name="Cenário 01: Logar com usuário e senha válidos">
<kw name="Abrir navegador" library="LoginController" type="setup">
<kw name="Open Browser" library="SeleniumLibrary">
<doc>Opens a new browser instance to the optional ``url``.</doc>
<arguments>
<arg>${URL}</arg>
<arg>${BROWSER}</arg>
</arguments>
<msg timestamp="20200320 14:12:55.681" level="INFO">Opening browser 'chrome' to base url 'https://pbconsignado.h.pbtech.net.br/formalizacao-digital'.</msg>
<status status="PASS" starttime="20200320 14:12:55.681" endtime="20200320 14:14:13.570"></status>
</kw>
<kw name="Set Selenium Speed" library="SeleniumLibrary">
<doc>Sets the delay that is waited after each Selenium command.</doc>
<arguments>
<arg>1 seconds</arg>
</arguments>
<status status="PASS" starttime="20200320 14:14:13.570" endtime="20200320 14:14:13.571"></status>
</kw>
<status status="PASS" starttime="20200320 14:12:55.680" endtime="20200320 14:14:13.571"></status>
</kw>
<kw name="Dado que estou na página home do site" library="LoginController">
<kw name="Title Should Be" library="SeleniumLibrary">
<doc>Verifies that the current page title equals ``title``.</doc>
<arguments>
<arg>${TituloLogin}</arg>
</arguments>
<kw name="Capture Page Screenshot" library="SeleniumLibrary">
<doc>Takes a screenshot of the current page and embeds it into a log file.</doc>
<msg timestamp="20200320 14:14:13.776" level="FAIL">NoSuchWindowException: Message: no such window: target window already closed
from unknown error: web view not found
  (Session info: chrome=80.0.3987.132)
</msg>
<status status="FAIL" starttime="20200320 14:14:13.584" endtime="20200320 14:14:13.776"></status>
</kw>
<msg timestamp="20200320 14:14:13.776" level="WARN">Keyword 'Capture Page Screenshot' could not be run on failure: NoSuchWindowException: Message: no such window: target window already closed
from unknown error: web view not found
  (Session info: chrome=80.0.3987.132)
</msg>
<msg timestamp="20200320 14:14:13.795" level="FAIL">NoSuchWindowException: Message: no such window: target window already closed
from unknown error: web view not found
  (Session info: chrome=80.0.3987.132)
</msg>
<status status="FAIL" starttime="20200320 14:14:13.573" endtime="20200320 14:14:13.795"></status>
</kw>
<status status="FAIL" starttime="20200320 14:14:13.573" endtime="20200320 14:14:13.795"></status>
</kw>
<kw name="Fechar navegador" library="LoginController" type="teardown">
<kw name="Close Browser" library="SeleniumLibrary">
<doc>Closes the current browser.</doc>
<status status="PASS" starttime="20200320 14:14:13.821" endtime="20200320 14:14:16.885"></status>
</kw>
<status status="PASS" starttime="20200320 14:14:13.821" endtime="20200320 14:14:16.885"></status>
</kw>
<status status="FAIL" starttime="20200320 14:12:55.680" endtime="20200320 14:14:16.886" critical="yes">NoSuchWindowException: Message: no such window: target window already closed
from unknown error: web view not found
  (Session info: chrome=80.0.3987.132)
</status>
</test>
<status status="FAIL" starttime="20200320 14:12:55.455" endtime="20200320 14:14:16.890"></status>
</suite>
<statistics>
<total>
<stat pass="0" fail="1">Critical Tests</stat>
<stat pass="0" fail="1">All Tests</stat>
</total>
<tag>
</tag>
<suite>
<stat pass="0" fail="1" id="s1" name="LoginTests">LoginTests</stat>
</suite>
</statistics>
<errors>
<msg timestamp="20200320 14:14:13.776" level="WARN">Keyword 'Capture Page Screenshot' could not be run on failure: NoSuchWindowException: Message: no such window: target window already closed
from unknown error: web view not found
  (Session info: chrome=80.0.3987.132)
</msg>
</errors>
</robot>
