<?xml version="1.0" encoding="UTF-8"?>
<robot generator="Robot 3.1.2 (Python 3.8.2 on win32)" generated="20200313 16:24:34.274" rpa="false">
<suite id="s1" name="LoginTests" source="C:\Projetos\SoluçãoTabletTestes\Tests\LoginTests.robot">
<test id="s1-t1" name="Cenário 01: Logar com usuário e senha válidos">
<kw name="Abrir navegador" library="LoginController" type="setup">
<kw name="Open Browser" library="SeleniumLibrary">
<doc>Opens a new browser instance to the optional ``url``.</doc>
<arguments>
<arg>${URL}</arg>
<arg>${BROWSER}</arg>
</arguments>
<msg timestamp="20200313 16:24:34.488" level="INFO">Opening browser 'chrome' to base url 'https://pbconsignado.h.pbtech.net.br/formalizacao-digital'.</msg>
<status status="PASS" starttime="20200313 16:24:34.488" endtime="20200313 16:24:44.162"></status>
</kw>
<kw name="Set Selenium Speed" library="SeleniumLibrary">
<doc>Sets the delay that is waited after each Selenium command.</doc>
<arguments>
<arg>1 seconds</arg>
</arguments>
<status status="PASS" starttime="20200313 16:24:44.162" endtime="20200313 16:24:44.162"></status>
</kw>
<status status="PASS" starttime="20200313 16:24:34.488" endtime="20200313 16:24:44.162"></status>
</kw>
<kw name="Dado que estou na página home do site" library="LoginController">
<kw name="Title Should Be" library="SeleniumLibrary">
<doc>Verifies that the current page title equals ``title``.</doc>
<arguments>
<arg>${TituloLogin}</arg>
</arguments>
<msg timestamp="20200313 16:24:45.167" level="INFO">Page title is 'Login'.</msg>
<status status="PASS" starttime="20200313 16:24:44.163" endtime="20200313 16:24:45.167"></status>
</kw>
<status status="PASS" starttime="20200313 16:24:44.163" endtime="20200313 16:24:45.167"></status>
</kw>
<kw name="Quando eu digito um usuário válido" library="LoginController">
<kw name="Input Text" library="SeleniumLibrary">
<doc>Types the given ``text`` into the text field identified by ``locator``.</doc>
<arguments>
<arg>${Usuario}</arg>
<arg>${UsuarioValido}</arg>
</arguments>
<msg timestamp="20200313 16:24:45.169" level="INFO">Typing text 'JESSICASF' into text field 'Id:login_input'.</msg>
<status status="PASS" starttime="20200313 16:24:45.168" endtime="20200313 16:24:48.301"></status>
</kw>
<status status="PASS" starttime="20200313 16:24:45.168" endtime="20200313 16:24:48.301"></status>
</kw>
<kw name="E eu digito uma senha válida" library="LoginController">
<kw name="Input Text" library="SeleniumLibrary">
<doc>Types the given ``text`` into the text field identified by ``locator``.</doc>
<arguments>
<arg>${Senha}</arg>
<arg>${SenhaValida}</arg>
</arguments>
<msg timestamp="20200313 16:24:48.302" level="INFO">Typing text 'senha' into text field 'Id:password_input'.</msg>
<status status="PASS" starttime="20200313 16:24:48.302" endtime="20200313 16:24:51.395"></status>
</kw>
<status status="PASS" starttime="20200313 16:24:48.302" endtime="20200313 16:24:51.395"></status>
</kw>
<kw name="E clico em &quot;Entrar&quot;" library="LoginController">
<kw name="Click Button" library="SeleniumLibrary">
<doc>Clicks the button identified by ``locator``.</doc>
<arguments>
<arg>${BtnEntrar}</arg>
</arguments>
<msg timestamp="20200313 16:24:51.396" level="INFO">Clicking button 'XPath://*[text()="Entrar"]'.</msg>
<status status="PASS" starttime="20200313 16:24:51.396" endtime="20200313 16:24:56.471"></status>
</kw>
<status status="PASS" starttime="20200313 16:24:51.396" endtime="20200313 16:24:56.471"></status>
</kw>
<kw name="Então eu vejo a página para entrar com o CPF do cliente" library="LoginController">
<kw name="Wait Until Page Contains" library="SeleniumLibrary">
<doc>Waits until ``text`` appears on the current page.</doc>
<arguments>
<arg>${TituloHome}</arg>
</arguments>
<status status="PASS" starttime="20200313 16:24:56.472" endtime="20200313 16:25:01.107"></status>
</kw>
<status status="PASS" starttime="20200313 16:24:56.472" endtime="20200313 16:25:01.107"></status>
</kw>
<kw name="Fechar navegador" library="LoginController" type="teardown">
<kw name="Close Browser" library="SeleniumLibrary">
<doc>Closes the current browser.</doc>
<status status="PASS" starttime="20200313 16:25:01.108" endtime="20200313 16:25:04.264"></status>
</kw>
<status status="PASS" starttime="20200313 16:25:01.108" endtime="20200313 16:25:04.264"></status>
</kw>
<status status="PASS" starttime="20200313 16:24:34.487" endtime="20200313 16:25:04.264" critical="yes"></status>
</test>
<status status="PASS" starttime="20200313 16:24:34.276" endtime="20200313 16:25:04.268"></status>
</suite>
<statistics>
<total>
<stat pass="1" fail="0">Critical Tests</stat>
<stat pass="1" fail="0">All Tests</stat>
</total>
<tag>
</tag>
<suite>
<stat pass="1" fail="0" id="s1" name="LoginTests">LoginTests</stat>
</suite>
</statistics>
<errors>
</errors>
</robot>
